<?xml version="1.0" encoding="UTF-8" ?>
<testsuite tests="9" failures="0" name="cn.SkyShadow.service.Impl.UserCoreServiceImplTest" time="0.081" errors="0" skipped="0">
  <properties>
[...]
</properties>
  <testcase classname="cn.SkyShadow.service.Impl.UserCoreServiceImplTest" name="selectUserBaseInfo" time="0.007"/>
  <testcase classname="cn.SkyShadow.service.Impl.UserCoreServiceImplTest" name="validateEmail" time="0.014"/>
  <testcase classname="cn.SkyShadow.service.Impl.UserCoreServiceImplTest" name="validatePhone" time="0.006"/>
  <testcase classname="cn.SkyShadow.service.Impl.UserCoreServiceImplTest" name="getRegisterResult" time="0.004"/>
  <testcase classname="cn.SkyShadow.service.Impl.UserCoreServiceImplTest" name="getRegisterResult_NOEMAIL" time="0.004"/>
  <testcase classname="cn.SkyShadow.service.Impl.UserCoreServiceImplTest" name="changeValidateEmail" time="0.012"/>
  <testcase classname="cn.SkyShadow.service.Impl.UserCoreServiceImplTest" name="changeValidatePhone" time="0.005"/>
  <testcase classname="cn.SkyShadow.service.Impl.UserCoreServiceImplTest" name="getLoginResult" time="0.005"/>
  <testcase classname="cn.SkyShadow.service.Impl.UserCoreServiceImplTest" name="selectUserByLogin" time="0.007"/>
</testsuite>